app/build/intermediates/manifest_merge_blame_file/debug/manifest-merger-blame-debug-report.txt
1<?xml version="1.0" encoding="utf-8"?>
2<manifest xmlns:android="http://schemas.android.com/apk/res/android"
3    package="com.example.hobbyclubs"
4    android:versionCode="1"
5    android:versionName="1.0" >
6
7    <uses-sdk
8        android:minSdkVersion="28"
8-->src/main/AndroidManifest.xml
9        android:targetSdkVersion="32" />
9-->src/main/AndroidManifest.xml
10
11    <uses-permission android:name="android.permission.INTERNET" />
11-->src/main/AndroidManifest.xml:6:5-67
11-->src/main/AndroidManifest.xml:6:22-64
12    <uses-permission android:name="android.permission.ACCESS_NETWORK_STATE" />
12-->src/main/AndroidManifest.xml:7:5-79
12-->src/main/AndroidManifest.xml:7:22-76
13
14    <application
14-->src/main/AndroidManifest.xml:9:5-30:19
15        android:allowBackup="true"
15-->src/main/AndroidManifest.xml:10:9-35
16        android:appComponentFactory="androidx.core.app.CoreComponentFactory"
16-->[androidx.core:core:1.8.0] AndroidManifest.xml:24:18-86
17        android:dataExtractionRules="@xml/data_extraction_rules"
17-->src/main/AndroidManifest.xml:11:9-65
18        android:debuggable="true"
19        android:extractNativeLibs="false"
20        android:fullBackupContent="@xml/backup_rules"
20-->src/main/AndroidManifest.xml:12:9-54
21        android:icon="@mipmap/ic_launcher"
21-->src/main/AndroidManifest.xml:13:9-43
22        android:label="@string/app_name"
22-->src/main/AndroidManifest.xml:14:9-41
23        android:roundIcon="@mipmap/ic_launcher_round"
23-->src/main/AndroidManifest.xml:15:9-54
24        android:supportsRtl="true"
24-->src/main/AndroidManifest.xml:16:9-35
25        android:theme="@style/Theme.HobbyClubs" >
25-->src/main/AndroidManifest.xml:17:9-48
26        <activity
26-->src/main/AndroidManifest.xml:19:9-29:20
27            android:name="com.example.hobbyclubs.MainActivity"
27-->src/main/AndroidManifest.xml:20:13-41
28            android:exported="true"
28-->src/main/AndroidManifest.xml:21:13-36
29            android:label="@string/app_name"
29-->src/main/AndroidManifest.xml:22:13-45
30            android:theme="@style/Theme.HobbyClubs" >
30-->src/main/AndroidManifest.xml:23:13-52
31            <intent-filter>
31-->src/main/AndroidManifest.xml:24:13-28:29
32                <action android:name="android.intent.action.MAIN" />
32-->src/main/AndroidManifest.xml:25:17-69
32-->src/main/AndroidManifest.xml:25:25-66
33
34                <category android:name="android.intent.category.LAUNCHER" />
34-->src/main/AndroidManifest.xml:27:17-77
34-->src/main/AndroidManifest.xml:27:27-74
35            </intent-filter>
36        </activity>
37        <activity
37-->[androidx.compose.ui:ui-tooling:1.2.0] AndroidManifest.xml:24:9-26:39
38            android:name="androidx.compose.ui.tooling.PreviewActivity"
38-->[androidx.compose.ui:ui-tooling:1.2.0] AndroidManifest.xml:25:13-71
39            android:exported="true" />
39-->[androidx.compose.ui:ui-tooling:1.2.0] AndroidManifest.xml:26:13-36
40
41        <meta-data
41-->[com.firebaseui:firebase-ui-auth:7.2.0] AndroidManifest.xml:16:9-18:69
42            android:name="com.google.android.gms.version"
42-->[com.firebaseui:firebase-ui-auth:7.2.0] AndroidManifest.xml:17:13-58
43            android:value="@integer/google_play_services_version" />
43-->[com.firebaseui:firebase-ui-auth:7.2.0] AndroidManifest.xml:18:13-66
44        <meta-data
44-->[com.firebaseui:firebase-ui-auth:7.2.0] AndroidManifest.xml:19:9-21:63
45            android:name="com.facebook.sdk.ApplicationId"
45-->[com.firebaseui:firebase-ui-auth:7.2.0] AndroidManifest.xml:20:13-58
46            android:value="@string/facebook_application_id" />
46-->[com.firebaseui:firebase-ui-auth:7.2.0] AndroidManifest.xml:21:13-60
47
48        <activity
48-->[com.firebaseui:firebase-ui-auth:7.2.0] AndroidManifest.xml:23:9-27:61
49            android:name="com.firebase.ui.auth.KickoffActivity"
49-->[com.firebaseui:firebase-ui-auth:7.2.0] AndroidManifest.xml:24:13-64
50            android:exported="false"
50-->[com.firebaseui:firebase-ui-auth:7.2.0] AndroidManifest.xml:25:13-37
51            android:label=""
51-->[com.firebaseui:firebase-ui-auth:7.2.0] AndroidManifest.xml:26:13-29
52            android:theme="@style/FirebaseUI.Transparent" />
52-->[com.firebaseui:firebase-ui-auth:7.2.0] AndroidManifest.xml:27:13-58
53        <activity
53-->[com.firebaseui:firebase-ui-auth:7.2.0] AndroidManifest.xml:28:9-32:61
54            android:name="com.firebase.ui.auth.ui.idp.SingleSignInActivity"
54-->[com.firebaseui:firebase-ui-auth:7.2.0] AndroidManifest.xml:29:13-76
55            android:exported="false"
55-->[com.firebaseui:firebase-ui-auth:7.2.0] AndroidManifest.xml:30:13-37
56            android:label=""
56-->[com.firebaseui:firebase-ui-auth:7.2.0] AndroidManifest.xml:31:13-29
57            android:theme="@style/FirebaseUI.Transparent" />
57-->[com.firebaseui:firebase-ui-auth:7.2.0] AndroidManifest.xml:32:13-58
58        <activity
58-->[com.firebaseui:firebase-ui-auth:7.2.0] AndroidManifest.xml:33:9-37:61
59            android:name="com.firebase.ui.auth.ui.credentials.CredentialSaveActivity"
59-->[com.firebaseui:firebase-ui-auth:7.2.0] AndroidManifest.xml:34:13-86
60            android:exported="false"
60-->[com.firebaseui:firebase-ui-auth:7.2.0] AndroidManifest.xml:35:13-37
61            android:label=""
61-->[com.firebaseui:firebase-ui-auth:7.2.0] AndroidManifest.xml:36:13-29
62            android:theme="@style/FirebaseUI.Transparent" />
62-->[com.firebaseui:firebase-ui-auth:7.2.0] AndroidManifest.xml:37:13-58
63        <activity
63-->[com.firebaseui:firebase-ui-auth:7.2.0] AndroidManifest.xml:38:9-42:58
64            android:name="com.firebase.ui.auth.ui.email.RecoverPasswordActivity"
64-->[com.firebaseui:firebase-ui-auth:7.2.0] AndroidManifest.xml:39:13-81
65            android:exported="false"
65-->[com.firebaseui:firebase-ui-auth:7.2.0] AndroidManifest.xml:40:13-37
66            android:label="@string/fui_title_recover_password_activity"
66-->[com.firebaseui:firebase-ui-auth:7.2.0] AndroidManifest.xml:41:13-72
67            android:windowSoftInputMode="adjustResize" />
67-->[com.firebaseui:firebase-ui-auth:7.2.0] AndroidManifest.xml:42:13-55
68        <activity
68-->[com.firebaseui:firebase-ui-auth:7.2.0] AndroidManifest.xml:43:9-47:58
69            android:name="com.firebase.ui.auth.ui.email.EmailActivity"
69-->[com.firebaseui:firebase-ui-auth:7.2.0] AndroidManifest.xml:44:13-71
70            android:exported="false"
70-->[com.firebaseui:firebase-ui-auth:7.2.0] AndroidManifest.xml:45:13-37
71            android:label="@string/fui_sign_in_default"
71-->[com.firebaseui:firebase-ui-auth:7.2.0] AndroidManifest.xml:46:13-56
72            android:windowSoftInputMode="adjustResize" />
72-->[com.firebaseui:firebase-ui-auth:7.2.0] AndroidManifest.xml:47:13-55
73        <activity
73-->[com.firebaseui:firebase-ui-auth:7.2.0] AndroidManifest.xml:48:9-52:77
74            android:name="com.firebase.ui.auth.ui.phone.PhoneActivity"
74-->[com.firebaseui:firebase-ui-auth:7.2.0] AndroidManifest.xml:49:13-71
75            android:exported="false"
75-->[com.firebaseui:firebase-ui-auth:7.2.0] AndroidManifest.xml:50:13-37
76            android:label="@string/fui_sign_in_with_phone_number"
76-->[com.firebaseui:firebase-ui-auth:7.2.0] AndroidManifest.xml:51:13-66
77            android:windowSoftInputMode="adjustResize|stateAlwaysVisible" />
77-->[com.firebaseui:firebase-ui-auth:7.2.0] AndroidManifest.xml:52:13-74
78        <activity
78-->[com.firebaseui:firebase-ui-auth:7.2.0] AndroidManifest.xml:53:9-57:58
79            android:name="com.firebase.ui.auth.ui.idp.WelcomeBackIdpPrompt"
79-->[com.firebaseui:firebase-ui-auth:7.2.0] AndroidManifest.xml:54:13-76
80            android:exported="false"
80-->[com.firebaseui:firebase-ui-auth:7.2.0] AndroidManifest.xml:55:13-37
81            android:label="@string/fui_title_welcome_back_idp_prompt"
81-->[com.firebaseui:firebase-ui-auth:7.2.0] AndroidManifest.xml:56:13-70
82            android:windowSoftInputMode="adjustResize" />
82-->[com.firebaseui:firebase-ui-auth:7.2.0] AndroidManifest.xml:57:13-55
83        <activity
83-->[com.firebaseui:firebase-ui-auth:7.2.0] AndroidManifest.xml:58:9-62:58
84            android:name="com.firebase.ui.auth.ui.email.WelcomeBackPasswordPrompt"
84-->[com.firebaseui:firebase-ui-auth:7.2.0] AndroidManifest.xml:59:13-83
85            android:exported="false"
85-->[com.firebaseui:firebase-ui-auth:7.2.0] AndroidManifest.xml:60:13-37
86            android:label="@string/fui_title_welcome_back_password_prompt"
86-->[com.firebaseui:firebase-ui-auth:7.2.0] AndroidManifest.xml:61:13-75
87            android:windowSoftInputMode="adjustResize" />
87-->[com.firebaseui:firebase-ui-auth:7.2.0] AndroidManifest.xml:62:13-55
88        <activity
88-->[com.firebaseui:firebase-ui-auth:7.2.0] AndroidManifest.xml:63:9-67:58
89            android:name="com.firebase.ui.auth.ui.email.WelcomeBackEmailLinkPrompt"
89-->[com.firebaseui:firebase-ui-auth:7.2.0] AndroidManifest.xml:64:13-84
90            android:exported="false"
90-->[com.firebaseui:firebase-ui-auth:7.2.0] AndroidManifest.xml:65:13-37
91            android:label="@string/fui_title_welcome_back_password_prompt"
91-->[com.firebaseui:firebase-ui-auth:7.2.0] AndroidManifest.xml:66:13-75
92            android:windowSoftInputMode="adjustResize" />
92-->[com.firebaseui:firebase-ui-auth:7.2.0] AndroidManifest.xml:67:13-55
93        <activity
93-->[com.firebaseui:firebase-ui-auth:7.2.0] AndroidManifest.xml:68:9-73:58
94            android:name="com.firebase.ui.auth.ui.email.EmailLinkCatcherActivity"
94-->[com.firebaseui:firebase-ui-auth:7.2.0] AndroidManifest.xml:69:13-82
95            android:exported="false"
95-->[com.firebaseui:firebase-ui-auth:7.2.0] AndroidManifest.xml:70:13-37
96            android:label=""
96-->[com.firebaseui:firebase-ui-auth:7.2.0] AndroidManifest.xml:71:13-29
97            android:theme="@style/FirebaseUI.Transparent"
97-->[com.firebaseui:firebase-ui-auth:7.2.0] AndroidManifest.xml:72:13-58
98            android:windowSoftInputMode="adjustResize" />
98-->[com.firebaseui:firebase-ui-auth:7.2.0] AndroidManifest.xml:73:13-55
99        <activity
99-->[com.firebaseui:firebase-ui-auth:7.2.0] AndroidManifest.xml:74:9-78:58
100            android:name="com.firebase.ui.auth.ui.email.EmailLinkErrorRecoveryActivity"
100-->[com.firebaseui:firebase-ui-auth:7.2.0] AndroidManifest.xml:75:13-88
101            android:exported="false"
101-->[com.firebaseui:firebase-ui-auth:7.2.0] AndroidManifest.xml:76:13-37
102            android:label="@string/fui_sign_in_default"
102-->[com.firebaseui:firebase-ui-auth:7.2.0] AndroidManifest.xml:77:13-56
103            android:windowSoftInputMode="adjustResize" />
103-->[com.firebaseui:firebase-ui-auth:7.2.0] AndroidManifest.xml:78:13-55
104        <activity
104-->[com.firebaseui:firebase-ui-auth:7.2.0] AndroidManifest.xml:79:9-82:65
105            android:name="com.firebase.ui.auth.ui.idp.AuthMethodPickerActivity"
105-->[com.firebaseui:firebase-ui-auth:7.2.0] AndroidManifest.xml:80:13-80
106            android:exported="false"
106-->[com.firebaseui:firebase-ui-auth:7.2.0] AndroidManifest.xml:81:13-37
107            android:label="@string/fui_default_toolbar_title" />
107-->[com.firebaseui:firebase-ui-auth:7.2.0] AndroidManifest.xml:82:13-62
108        <activity
108-->[com.firebaseui:firebase-ui-auth:7.2.0] AndroidManifest.xml:83:9-87:48
109            android:name="com.facebook.FacebookActivity"
109-->[com.firebaseui:firebase-ui-auth:7.2.0] AndroidManifest.xml:84:13-57
110            android:configChanges="keyboard|keyboardHidden|screenLayout|screenSize|orientation"
110-->[com.firebaseui:firebase-ui-auth:7.2.0] AndroidManifest.xml:85:13-96
111            android:label="@string/app_name" />
111-->[com.firebaseui:firebase-ui-auth:7.2.0] AndroidManifest.xml:86:13-45
112        <activity
112-->[com.firebaseui:firebase-ui-auth:7.2.0] AndroidManifest.xml:88:9-100:20
113            android:name="com.facebook.CustomTabActivity"
113-->[com.firebaseui:firebase-ui-auth:7.2.0] AndroidManifest.xml:89:13-58
114            android:exported="true" >
114-->[com.firebaseui:firebase-ui-auth:7.2.0] AndroidManifest.xml:90:13-36
115            <intent-filter>
115-->[com.firebaseui:firebase-ui-auth:7.2.0] AndroidManifest.xml:92:13-99:29
116                <action android:name="android.intent.action.VIEW" />
116-->[com.firebaseui:firebase-ui-auth:7.2.0] AndroidManifest.xml:93:17-69
116-->[com.firebaseui:firebase-ui-auth:7.2.0] AndroidManifest.xml:93:25-66
117
118                <category android:name="android.intent.category.DEFAULT" />
118-->[com.firebaseui:firebase-ui-auth:7.2.0] AndroidManifest.xml:95:17-76
118-->[com.firebaseui:firebase-ui-auth:7.2.0] AndroidManifest.xml:95:27-73
119                <category android:name="android.intent.category.BROWSABLE" />
119-->[com.firebaseui:firebase-ui-auth:7.2.0] AndroidManifest.xml:96:17-78
119-->[com.firebaseui:firebase-ui-auth:7.2.0] AndroidManifest.xml:96:27-75
120
121                <data android:scheme="@string/facebook_login_protocol_scheme" />
121-->[com.firebaseui:firebase-ui-auth:7.2.0] AndroidManifest.xml:98:17-81
121-->[com.firebaseui:firebase-ui-auth:7.2.0] AndroidManifest.xml:98:23-78
122            </intent-filter>
123        </activity>
124
125        <provider
125-->[com.firebaseui:firebase-ui-auth:7.2.0] AndroidManifest.xml:102:9-106:38
126            android:name="com.firebase.ui.auth.data.client.AuthUiInitProvider"
126-->[com.firebaseui:firebase-ui-auth:7.2.0] AndroidManifest.xml:103:13-79
127            android:authorities="com.example.hobbyclubs.authuiinitprovider"
127-->[com.firebaseui:firebase-ui-auth:7.2.0] AndroidManifest.xml:104:13-70
128            android:exported="false"
128-->[com.firebaseui:firebase-ui-auth:7.2.0] AndroidManifest.xml:105:13-37
129            android:initOrder="90" />
129-->[com.firebaseui:firebase-ui-auth:7.2.0] AndroidManifest.xml:106:13-35
130
131        <activity
131-->[com.google.android.gms:play-services-auth:19.0.0] AndroidManifest.xml:23:9-27:75
132            android:name="com.google.android.gms.auth.api.signin.internal.SignInHubActivity"
132-->[com.google.android.gms:play-services-auth:19.0.0] AndroidManifest.xml:24:13-93
133            android:excludeFromRecents="true"
133-->[com.google.android.gms:play-services-auth:19.0.0] AndroidManifest.xml:25:13-46
134            android:exported="false"
134-->[com.google.android.gms:play-services-auth:19.0.0] AndroidManifest.xml:26:13-37
135            android:theme="@android:style/Theme.Translucent.NoTitleBar" />
135-->[com.google.android.gms:play-services-auth:19.0.0] AndroidManifest.xml:27:13-72
136        <!--
137            Service handling Google Sign-In user revocation. For apps that do not integrate with
138            Google Sign-In, this service will never be started.
139        -->
140        <service
140-->[com.google.android.gms:play-services-auth:19.0.0] AndroidManifest.xml:33:9-37:51
141            android:name="com.google.android.gms.auth.api.signin.RevocationBoundService"
141-->[com.google.android.gms:play-services-auth:19.0.0] AndroidManifest.xml:34:13-89
142            android:exported="true"
142-->[com.google.android.gms:play-services-auth:19.0.0] AndroidManifest.xml:35:13-36
143            android:permission="com.google.android.gms.auth.api.signin.permission.REVOCATION_NOTIFICATION"
143-->[com.google.android.gms:play-services-auth:19.0.0] AndroidManifest.xml:36:13-107
144            android:visibleToInstantApps="true" />
144-->[com.google.android.gms:play-services-auth:19.0.0] AndroidManifest.xml:37:13-48
145        <service
145-->[com.google.firebase:firebase-auth-ktx:21.0.8] AndroidManifest.xml:8:9-14:19
146            android:name="com.google.firebase.components.ComponentDiscoveryService"
146-->[com.google.firebase:firebase-auth-ktx:21.0.8] AndroidManifest.xml:9:13-84
147            android:directBootAware="true"
147-->[com.google.firebase:firebase-common:20.1.2] AndroidManifest.xml:35:13-43
148            android:exported="false" >
148-->[com.google.firebase:firebase-auth-ktx:21.0.8] AndroidManifest.xml:10:13-37
149            <meta-data
149-->[com.google.firebase:firebase-auth-ktx:21.0.8] AndroidManifest.xml:11:13-13:85
150                android:name="com.google.firebase.components:com.google.firebase.auth.ktx.FirebaseAuthKtxRegistrar"
150-->[com.google.firebase:firebase-auth-ktx:21.0.8] AndroidManifest.xml:12:17-116
151                android:value="com.google.firebase.components.ComponentRegistrar" />
151-->[com.google.firebase:firebase-auth-ktx:21.0.8] AndroidManifest.xml:13:17-82
152            <meta-data
152-->[com.google.firebase:firebase-auth:21.0.8] AndroidManifest.xml:67:13-69:85
153                android:name="com.google.firebase.components:com.google.firebase.auth.FirebaseAuthRegistrar"
153-->[com.google.firebase:firebase-auth:21.0.8] AndroidManifest.xml:68:17-109
154                android:value="com.google.firebase.components.ComponentRegistrar" />
154-->[com.google.firebase:firebase-auth:21.0.8] AndroidManifest.xml:69:17-82
155            <meta-data
155-->[com.google.firebase:firebase-firestore-ktx:24.3.0] AndroidManifest.xml:15:13-17:85
156                android:name="com.google.firebase.components:com.google.firebase.firestore.ktx.FirebaseFirestoreKtxRegistrar"
156-->[com.google.firebase:firebase-firestore-ktx:24.3.0] AndroidManifest.xml:16:17-126
157                android:value="com.google.firebase.components.ComponentRegistrar" />
157-->[com.google.firebase:firebase-firestore-ktx:24.3.0] AndroidManifest.xml:17:17-82
158            <meta-data
158-->[com.google.firebase:firebase-storage-ktx:20.0.2] AndroidManifest.xml:15:13-17:85
159                android:name="com.google.firebase.components:com.google.firebase.storage.ktx.FirebaseStorageKtxRegistrar"
159-->[com.google.firebase:firebase-storage-ktx:20.0.2] AndroidManifest.xml:16:17-122
160                android:value="com.google.firebase.components.ComponentRegistrar" />
160-->[com.google.firebase:firebase-storage-ktx:20.0.2] AndroidManifest.xml:17:17-82
161            <meta-data
161-->[com.google.firebase:firebase-common-ktx:20.1.2] AndroidManifest.xml:15:13-17:85
162                android:name="com.google.firebase.components:com.google.firebase.ktx.FirebaseCommonKtxRegistrar"
162-->[com.google.firebase:firebase-common-ktx:20.1.2] AndroidManifest.xml:16:17-113
163                android:value="com.google.firebase.components.ComponentRegistrar" />
163-->[com.google.firebase:firebase-common-ktx:20.1.2] AndroidManifest.xml:17:17-82
164            <meta-data
164-->[com.google.firebase:firebase-storage:20.0.2] AndroidManifest.xml:33:13-35:85
165                android:name="com.google.firebase.components:com.google.firebase.storage.StorageRegistrar"
165-->[com.google.firebase:firebase-storage:20.0.2] AndroidManifest.xml:34:17-107
166                android:value="com.google.firebase.components.ComponentRegistrar" />
166-->[com.google.firebase:firebase-storage:20.0.2] AndroidManifest.xml:35:17-82
167            <meta-data
167-->[com.google.firebase:firebase-firestore:24.3.0] AndroidManifest.xml:20:13-22:85
168                android:name="com.google.firebase.components:com.google.firebase.firestore.FirestoreRegistrar"
168-->[com.google.firebase:firebase-firestore:24.3.0] AndroidManifest.xml:21:17-111
169                android:value="com.google.firebase.components.ComponentRegistrar" />
169-->[com.google.firebase:firebase-firestore:24.3.0] AndroidManifest.xml:22:17-82
170        </service>
171
172        <activity
172-->[com.google.firebase:firebase-auth:21.0.8] AndroidManifest.xml:27:9-44:20
173            android:name="com.google.firebase.auth.internal.GenericIdpActivity"
173-->[com.google.firebase:firebase-auth:21.0.8] AndroidManifest.xml:28:13-80
174            android:excludeFromRecents="true"
174-->[com.google.firebase:firebase-auth:21.0.8] AndroidManifest.xml:29:13-46
175            android:exported="true"
175-->[com.google.firebase:firebase-auth:21.0.8] AndroidManifest.xml:30:13-36
176            android:launchMode="singleTask"
176-->[com.google.firebase:firebase-auth:21.0.8] AndroidManifest.xml:31:13-44
177            android:theme="@android:style/Theme.Translucent.NoTitleBar" >
177-->[com.google.firebase:firebase-auth:21.0.8] AndroidManifest.xml:32:13-72
178            <intent-filter>
178-->[com.google.firebase:firebase-auth:21.0.8] AndroidManifest.xml:33:13-43:29
179                <action android:name="android.intent.action.VIEW" />
179-->[com.firebaseui:firebase-ui-auth:7.2.0] AndroidManifest.xml:93:17-69
179-->[com.firebaseui:firebase-ui-auth:7.2.0] AndroidManifest.xml:93:25-66
180
181                <category android:name="android.intent.category.DEFAULT" />
181-->[com.firebaseui:firebase-ui-auth:7.2.0] AndroidManifest.xml:95:17-76
181-->[com.firebaseui:firebase-ui-auth:7.2.0] AndroidManifest.xml:95:27-73
182                <category android:name="android.intent.category.BROWSABLE" />
182-->[com.firebaseui:firebase-ui-auth:7.2.0] AndroidManifest.xml:96:17-78
182-->[com.firebaseui:firebase-ui-auth:7.2.0] AndroidManifest.xml:96:27-75
183
184                <data
184-->[com.firebaseui:firebase-ui-auth:7.2.0] AndroidManifest.xml:98:17-81
185                    android:host="firebase.auth"
186                    android:path="/"
187                    android:scheme="genericidp" />
187-->[com.firebaseui:firebase-ui-auth:7.2.0] AndroidManifest.xml:98:23-78
188            </intent-filter>
189        </activity>
190        <activity
190-->[com.google.firebase:firebase-auth:21.0.8] AndroidManifest.xml:45:9-62:20
191            android:name="com.google.firebase.auth.internal.RecaptchaActivity"
191-->[com.google.firebase:firebase-auth:21.0.8] AndroidManifest.xml:46:13-79
192            android:excludeFromRecents="true"
192-->[com.google.firebase:firebase-auth:21.0.8] AndroidManifest.xml:47:13-46
193            android:exported="true"
193-->[com.google.firebase:firebase-auth:21.0.8] AndroidManifest.xml:48:13-36
194            android:launchMode="singleTask"
194-->[com.google.firebase:firebase-auth:21.0.8] AndroidManifest.xml:49:13-44
195            android:theme="@android:style/Theme.Translucent.NoTitleBar" >
195-->[com.google.firebase:firebase-auth:21.0.8] AndroidManifest.xml:50:13-72
196            <intent-filter>
196-->[com.google.firebase:firebase-auth:21.0.8] AndroidManifest.xml:51:13-61:29
197                <action android:name="android.intent.action.VIEW" />
197-->[com.firebaseui:firebase-ui-auth:7.2.0] AndroidManifest.xml:93:17-69
197-->[com.firebaseui:firebase-ui-auth:7.2.0] AndroidManifest.xml:93:25-66
198
199                <category android:name="android.intent.category.DEFAULT" />
199-->[com.firebaseui:firebase-ui-auth:7.2.0] AndroidManifest.xml:95:17-76
199-->[com.firebaseui:firebase-ui-auth:7.2.0] AndroidManifest.xml:95:27-73
200                <category android:name="android.intent.category.BROWSABLE" />
200-->[com.firebaseui:firebase-ui-auth:7.2.0] AndroidManifest.xml:96:17-78
200-->[com.firebaseui:firebase-ui-auth:7.2.0] AndroidManifest.xml:96:27-75
201
202                <data
202-->[com.firebaseui:firebase-ui-auth:7.2.0] AndroidManifest.xml:98:17-81
203                    android:host="firebase.auth"
204                    android:path="/"
205                    android:scheme="recaptcha" />
205-->[com.firebaseui:firebase-ui-auth:7.2.0] AndroidManifest.xml:98:23-78
206            </intent-filter>
207        </activity>
208
209        <provider
209-->[com.google.firebase:firebase-common:20.1.2] AndroidManifest.xml:26:9-31:39
210            android:name="com.google.firebase.provider.FirebaseInitProvider"
210-->[com.google.firebase:firebase-common:20.1.2] AndroidManifest.xml:27:13-77
211            android:authorities="com.example.hobbyclubs.firebaseinitprovider"
211-->[com.google.firebase:firebase-common:20.1.2] AndroidManifest.xml:28:13-72
212            android:directBootAware="true"
212-->[com.google.firebase:firebase-common:20.1.2] AndroidManifest.xml:29:13-43
213            android:exported="false"
213-->[com.google.firebase:firebase-common:20.1.2] AndroidManifest.xml:30:13-37
214            android:initOrder="100" />
214-->[com.google.firebase:firebase-common:20.1.2] AndroidManifest.xml:31:13-36
215
216        <activity
216-->[com.google.android.gms:play-services-base:18.0.1] AndroidManifest.xml:20:9-22:45
217            android:name="com.google.android.gms.common.api.GoogleApiActivity"
217-->[com.google.android.gms:play-services-base:18.0.1] AndroidManifest.xml:20:19-85
218            android:exported="false"
218-->[com.google.android.gms:play-services-base:18.0.1] AndroidManifest.xml:22:19-43
219            android:theme="@android:style/Theme.Translucent.NoTitleBar" />
219-->[com.google.android.gms:play-services-base:18.0.1] AndroidManifest.xml:21:19-78
220        <activity
220-->[androidx.compose.ui:ui-test-manifest:1.2.0] AndroidManifest.xml:24:9-26:39
221            android:name="androidx.activity.ComponentActivity"
221-->[androidx.compose.ui:ui-test-manifest:1.2.0] AndroidManifest.xml:25:13-63
222            android:exported="true" />
222-->[androidx.compose.ui:ui-test-manifest:1.2.0] AndroidManifest.xml:26:13-36
223
224        <provider
224-->[androidx.lifecycle:lifecycle-process:2.2.0] AndroidManifest.xml:25:9-29:43
225            android:name="androidx.lifecycle.ProcessLifecycleOwnerInitializer"
225-->[androidx.lifecycle:lifecycle-process:2.2.0] AndroidManifest.xml:26:13-79
226            android:authorities="com.example.hobbyclubs.lifecycle-process"
226-->[androidx.lifecycle:lifecycle-process:2.2.0] AndroidManifest.xml:27:13-69
227            android:exported="false"
227-->[androidx.lifecycle:lifecycle-process:2.2.0] AndroidManifest.xml:28:13-37
228            android:multiprocess="true" />
228-->[androidx.lifecycle:lifecycle-process:2.2.0] AndroidManifest.xml:29:13-40
229        <provider
229-->[androidx.profileinstaller:profileinstaller:1.2.0] AndroidManifest.xml:25:9-33:20
230            android:name="androidx.startup.InitializationProvider"
230-->[androidx.profileinstaller:profileinstaller:1.2.0] AndroidManifest.xml:26:13-67
231            android:authorities="com.example.hobbyclubs.androidx-startup"
231-->[androidx.profileinstaller:profileinstaller:1.2.0] AndroidManifest.xml:27:13-68
232            android:exported="false" >
232-->[androidx.profileinstaller:profileinstaller:1.2.0] AndroidManifest.xml:28:13-37
233            <meta-data
233-->[androidx.profileinstaller:profileinstaller:1.2.0] AndroidManifest.xml:30:13-32:52
234                android:name="androidx.profileinstaller.ProfileInstallerInitializer"
234-->[androidx.profileinstaller:profileinstaller:1.2.0] AndroidManifest.xml:31:17-85
235                android:value="androidx.startup" />
235-->[androidx.profileinstaller:profileinstaller:1.2.0] AndroidManifest.xml:32:17-49
236        </provider>
237
238        <receiver
238-->[androidx.profileinstaller:profileinstaller:1.2.0] AndroidManifest.xml:35:9-47:20
239            android:name="androidx.profileinstaller.ProfileInstallReceiver"
239-->[androidx.profileinstaller:profileinstaller:1.2.0] AndroidManifest.xml:36:13-76
240            android:directBootAware="false"
240-->[androidx.profileinstaller:profileinstaller:1.2.0] AndroidManifest.xml:37:13-44
241            android:enabled="true"
241-->[androidx.profileinstaller:profileinstaller:1.2.0] AndroidManifest.xml:38:13-35
242            android:exported="true"
242-->[androidx.profileinstaller:profileinstaller:1.2.0] AndroidManifest.xml:39:13-36
243            android:permission="android.permission.DUMP" >
243-->[androidx.profileinstaller:profileinstaller:1.2.0] AndroidManifest.xml:40:13-57
244            <intent-filter>
244-->[androidx.profileinstaller:profileinstaller:1.2.0] AndroidManifest.xml:41:13-43:29
245                <action android:name="androidx.profileinstaller.action.INSTALL_PROFILE" />
245-->[androidx.profileinstaller:profileinstaller:1.2.0] AndroidManifest.xml:42:17-91
245-->[androidx.profileinstaller:profileinstaller:1.2.0] AndroidManifest.xml:42:25-88
246            </intent-filter>
247            <intent-filter>
247-->[androidx.profileinstaller:profileinstaller:1.2.0] AndroidManifest.xml:44:13-46:29
248                <action android:name="androidx.profileinstaller.action.SKIP_FILE" />
248-->[androidx.profileinstaller:profileinstaller:1.2.0] AndroidManifest.xml:45:17-85
248-->[androidx.profileinstaller:profileinstaller:1.2.0] AndroidManifest.xml:45:25-82
249            </intent-filter>
250        </receiver>
251    </application>
252
253</manifest>